Analysis & Synthesis report for t1a_fs_pwm
Sun Oct 01 19:17:33 2023
Quartus Prime Version 20.1.1 Build 720 11/11/2020 SJ Lite Edition


---------------------
; Table of Contents ;
---------------------
  1. Legal Notice
  2. Analysis & Synthesis Summary
  3. Analysis & Synthesis Settings
  4. Parallel Compilation
  5. Analysis & Synthesis Source Files Read
  6. Analysis & Synthesis Resource Usage Summary
  7. Analysis & Synthesis Resource Utilization by Entity
  8. Registers Removed During Synthesis
  9. General Register Statistics
 10. Post-Synthesis Netlist Statistics for Top Partition
 11. Elapsed Time Per Partition
 12. Analysis & Synthesis Messages
 13. Analysis & Synthesis Suppressed Messages



----------------
; Legal Notice ;
----------------
Copyright (C) 2020  Intel Corporation. All rights reserved.
Your use of Intel Corporation's design tools, logic functions 
and other software and tools, and any partner logic 
functions, and any output files from any of the foregoing 
(including device programming or simulation files), and any 
associated documentation or information are expressly subject 
to the terms and conditions of the Intel Program License 
Subscription Agreement, the Intel Quartus Prime License Agreement,
the Intel FPGA IP License Agreement, or other applicable license
agreement, including, without limitation, that your use is for
the sole purpose of programming logic devices manufactured by
Intel and sold by Intel or its authorized distributors.  Please
refer to the applicable agreement for further details, at
https://fpgasoftware.intel.com/eula.



+----------------------------------------------------------------------------------+
; Analysis & Synthesis Summary                                                     ;
+------------------------------------+---------------------------------------------+
; Analysis & Synthesis Status        ; Successful - Sun Oct 01 19:17:33 2023       ;
; Quartus Prime Version              ; 20.1.1 Build 720 11/11/2020 SJ Lite Edition ;
; Revision Name                      ; t1a_fs_pwm                                  ;
; Top-level Entity Name              ; t1a_fs_pwm_bdf                              ;
; Family                             ; Cyclone IV E                                ;
; Total logic elements               ; 0                                           ;
;     Total combinational functions  ; 0                                           ;
;     Dedicated logic registers      ; 0                                           ;
; Total registers                    ; 0                                           ;
; Total pins                         ; 8                                           ;
; Total virtual pins                 ; 0                                           ;
; Total memory bits                  ; 0                                           ;
; Embedded Multiplier 9-bit elements ; 0                                           ;
; Total PLLs                         ; 0                                           ;
+------------------------------------+---------------------------------------------+


+------------------------------------------------------------------------------------------------------------+
; Analysis & Synthesis Settings                                                                              ;
+------------------------------------------------------------------+--------------------+--------------------+
; Option                                                           ; Setting            ; Default Value      ;
+------------------------------------------------------------------+--------------------+--------------------+
; Device                                                           ; EP4CE22F17C6       ;                    ;
; Top-level entity name                                            ; t1a_fs_pwm_bdf     ; t1a_fs_pwm         ;
; Family name                                                      ; Cyclone IV E       ; Cyclone V          ;
; Use smart compilation                                            ; Off                ; Off                ;
; Enable parallel Assembler and Timing Analyzer during compilation ; On                 ; On                 ;
; Enable compact report table                                      ; Off                ; Off                ;
; Restructure Multiplexers                                         ; Auto               ; Auto               ;
; Create Debugging Nodes for IP Cores                              ; Off                ; Off                ;
; Preserve fewer node names                                        ; On                 ; On                 ;
; Intel FPGA IP Evaluation Mode                                    ; Enable             ; Enable             ;
; Verilog Version                                                  ; Verilog_2001       ; Verilog_2001       ;
; VHDL Version                                                     ; VHDL_1993          ; VHDL_1993          ;
; State Machine Processing                                         ; Auto               ; Auto               ;
; Safe State Machine                                               ; Off                ; Off                ;
; Extract Verilog State Machines                                   ; On                 ; On                 ;
; Extract VHDL State Machines                                      ; On                 ; On                 ;
; Ignore Verilog initial constructs                                ; Off                ; Off                ;
; Iteration limit for constant Verilog loops                       ; 5000               ; 5000               ;
; Iteration limit for non-constant Verilog loops                   ; 250                ; 250                ;
; Add Pass-Through Logic to Inferred RAMs                          ; On                 ; On                 ;
; Infer RAMs from Raw Logic                                        ; On                 ; On                 ;
; Parallel Synthesis                                               ; On                 ; On                 ;
; DSP Block Balancing                                              ; Auto               ; Auto               ;
; NOT Gate Push-Back                                               ; On                 ; On                 ;
; Power-Up Don't Care                                              ; On                 ; On                 ;
; Remove Redundant Logic Cells                                     ; Off                ; Off                ;
; Remove Duplicate Registers                                       ; On                 ; On                 ;
; Ignore CARRY Buffers                                             ; Off                ; Off                ;
; Ignore CASCADE Buffers                                           ; Off                ; Off                ;
; Ignore GLOBAL Buffers                                            ; Off                ; Off                ;
; Ignore ROW GLOBAL Buffers                                        ; Off                ; Off                ;
; Ignore LCELL Buffers                                             ; Off                ; Off                ;
; Ignore SOFT Buffers                                              ; On                 ; On                 ;
; Limit AHDL Integers to 32 Bits                                   ; Off                ; Off                ;
; Optimization Technique                                           ; Balanced           ; Balanced           ;
; Carry Chain Length                                               ; 70                 ; 70                 ;
; Auto Carry Chains                                                ; On                 ; On                 ;
; Auto Open-Drain Pins                                             ; On                 ; On                 ;
; Perform WYSIWYG Primitive Resynthesis                            ; Off                ; Off                ;
; Auto ROM Replacement                                             ; On                 ; On                 ;
; Auto RAM Replacement                                             ; On                 ; On                 ;
; Auto DSP Block Replacement                                       ; On                 ; On                 ;
; Auto Shift Register Replacement                                  ; Auto               ; Auto               ;
; Allow Shift Register Merging across Hierarchies                  ; Auto               ; Auto               ;
; Auto Clock Enable Replacement                                    ; On                 ; On                 ;
; Strict RAM Replacement                                           ; Off                ; Off                ;
; Allow Synchronous Control Signals                                ; On                 ; On                 ;
; Force Use of Synchronous Clear Signals                           ; Off                ; Off                ;
; Auto RAM Block Balancing                                         ; On                 ; On                 ;
; Auto RAM to Logic Cell Conversion                                ; Off                ; Off                ;
; Auto Resource Sharing                                            ; Off                ; Off                ;
; Allow Any RAM Size For Recognition                               ; Off                ; Off                ;
; Allow Any ROM Size For Recognition                               ; Off                ; Off                ;
; Allow Any Shift Register Size For Recognition                    ; Off                ; Off                ;
; Use LogicLock Constraints during Resource Balancing              ; On                 ; On                 ;
; Ignore translate_off and synthesis_off directives                ; Off                ; Off                ;
; Timing-Driven Synthesis                                          ; On                 ; On                 ;
; Report Parameter Settings                                        ; On                 ; On                 ;
; Report Source Assignments                                        ; On                 ; On                 ;
; Report Connectivity Checks                                       ; On                 ; On                 ;
; Ignore Maximum Fan-Out Assignments                               ; Off                ; Off                ;
; Synchronization Register Chain Length                            ; 2                  ; 2                  ;
; Power Optimization During Synthesis                              ; Normal compilation ; Normal compilation ;
; HDL message level                                                ; Level2             ; Level2             ;
; Suppress Register Optimization Related Messages                  ; Off                ; Off                ;
; Number of Removed Registers Reported in Synthesis Report         ; 5000               ; 5000               ;
; Number of Swept Nodes Reported in Synthesis Report               ; 5000               ; 5000               ;
; Number of Inverted Registers Reported in Synthesis Report        ; 100                ; 100                ;
; Clock MUX Protection                                             ; On                 ; On                 ;
; Auto Gated Clock Conversion                                      ; Off                ; Off                ;
; Block Design Naming                                              ; Auto               ; Auto               ;
; SDC constraint protection                                        ; Off                ; Off                ;
; Synthesis Effort                                                 ; Auto               ; Auto               ;
; Shift Register Replacement - Allow Asynchronous Clear Signal     ; On                 ; On                 ;
; Pre-Mapping Resynthesis Optimization                             ; Off                ; Off                ;
; Analysis & Synthesis Message Level                               ; Medium             ; Medium             ;
; Disable Register Merging Across Hierarchies                      ; Auto               ; Auto               ;
; Resource Aware Inference For Block RAM                           ; On                 ; On                 ;
+------------------------------------------------------------------+--------------------+--------------------+


+------------------------------------------+
; Parallel Compilation                     ;
+----------------------------+-------------+
; Processors                 ; Number      ;
+----------------------------+-------------+
; Number detected on machine ; 8           ;
; Maximum allowed            ; 4           ;
;                            ;             ;
; Average used               ; 1.00        ;
; Maximum used               ; 1           ;
;                            ;             ;
; Usage by Processor         ; % Time Used ;
;     Processor 1            ; 100.0%      ;
+----------------------------+-------------+


+------------------------------------------------------------------------------------------------------------------------------------------------------+
; Analysis & Synthesis Source Files Read                                                                                                               ;
+----------------------------------+-----------------+------------------------+--------------------------------------------------------------+---------+
; File Name with User-Entered Path ; Used in Netlist ; File Type              ; File Name with Absolute Path                                 ; Library ;
+----------------------------------+-----------------+------------------------+--------------------------------------------------------------+---------+
; t1a_fs_pwm_bdf.v                 ; yes             ; User Verilog HDL File  ; C:/Users/amuly/Eyantra/task1a/t1a_fs_pwm/t1a_fs_pwm_bdf.v    ;         ;
; pwm_generator.v                  ; yes             ; User Verilog HDL File  ; C:/Users/amuly/Eyantra/task1a/t1a_fs_pwm/pwm_generator.v     ;         ;
; frequency_scaling.v              ; yes             ; User Verilog HDL File  ; C:/Users/amuly/Eyantra/task1a/t1a_fs_pwm/frequency_scaling.v ;         ;
+----------------------------------+-----------------+------------------------+--------------------------------------------------------------+---------+


+-------------------------------------------------------+
; Analysis & Synthesis Resource Usage Summary           ;
+---------------------------------------------+---------+
; Resource                                    ; Usage   ;
+---------------------------------------------+---------+
;                                             ;         ;
; Total combinational functions               ; 0       ;
; Logic element usage by number of LUT inputs ;         ;
;     -- 4 input functions                    ; 0       ;
;     -- 3 input functions                    ; 0       ;
;     -- <=2 input functions                  ; 0       ;
;                                             ;         ;
; Logic elements by mode                      ;         ;
;     -- normal mode                          ; 0       ;
;     -- arithmetic mode                      ; 0       ;
;                                             ;         ;
; Total registers                             ; 0       ;
;     -- Dedicated logic registers            ; 0       ;
;     -- I/O registers                        ; 0       ;
;                                             ;         ;
; I/O pins                                    ; 8       ;
;                                             ;         ;
; Embedded Multiplier 9-bit elements          ; 0       ;
;                                             ;         ;
; Maximum fan-out node                        ; clk_50M ;
; Maximum fan-out                             ; 1       ;
; Total fan-out                               ; 8       ;
; Average fan-out                             ; 0.50    ;
+---------------------------------------------+---------+


+-------------------------------------------------------------------------------------------------------------------------------------------------------------------------------------------------------------+
; Analysis & Synthesis Resource Utilization by Entity                                                                                                                                                         ;
+----------------------------+---------------------+---------------------------+-------------+--------------+---------+-----------+------+--------------+---------------------+----------------+--------------+
; Compilation Hierarchy Node ; Combinational ALUTs ; Dedicated Logic Registers ; Memory Bits ; DSP Elements ; DSP 9x9 ; DSP 18x18 ; Pins ; Virtual Pins ; Full Hierarchy Name ; Entity Name    ; Library Name ;
+----------------------------+---------------------+---------------------------+-------------+--------------+---------+-----------+------+--------------+---------------------+----------------+--------------+
; |t1a_fs_pwm_bdf            ; 0 (0)               ; 0 (0)                     ; 0           ; 0            ; 0       ; 0         ; 8    ; 0            ; |t1a_fs_pwm_bdf     ; t1a_fs_pwm_bdf ; work         ;
+----------------------------+---------------------+---------------------------+-------------+--------------+---------+-----------+------+--------------+---------------------+----------------+--------------+
Note: For table entries with two numbers listed, the numbers in parentheses indicate the number of resources of the given type used by the specific entity alone. The numbers listed outside of parentheses indicate the total resources of the given type used by the specific entity and all of its sub-entities in the hierarchy.


+------------------------------------------------------------------------------+
; Registers Removed During Synthesis                                           ;
+---------------------------------------+--------------------------------------+
; Register name                         ; Reason for Removal                   ;
+---------------------------------------+--------------------------------------+
; pwm_generator:b2v_inst1|pwm_signal    ; Stuck at VCC due to stuck port clock ;
; pwm_generator:b2v_inst1|counter_pwm   ; Stuck at GND due to stuck port clock ;
; Total Number of Removed Registers = 2 ;                                      ;
+---------------------------------------+--------------------------------------+


+------------------------------------------------------+
; General Register Statistics                          ;
+----------------------------------------------+-------+
; Statistic                                    ; Value ;
+----------------------------------------------+-------+
; Total registers                              ; 0     ;
; Number of registers using Synchronous Clear  ; 0     ;
; Number of registers using Synchronous Load   ; 0     ;
; Number of registers using Asynchronous Clear ; 0     ;
; Number of registers using Asynchronous Load  ; 0     ;
; Number of registers using Clock Enable       ; 0     ;
; Number of registers using Preset             ; 0     ;
+----------------------------------------------+-------+


+-----------------------------------------------------+
; Post-Synthesis Netlist Statistics for Top Partition ;
+-----------------------+-----------------------------+
; Type                  ; Count                       ;
+-----------------------+-----------------------------+
; boundary_port         ; 8                           ;
; cycloneiii_lcell_comb ; 2                           ;
;     normal            ; 2                           ;
;         0 data inputs ; 2                           ;
;                       ;                             ;
; Max LUT depth         ; 0.00                        ;
; Average LUT depth     ; 0.00                        ;
+-----------------------+-----------------------------+


+-------------------------------+
; Elapsed Time Per Partition    ;
+----------------+--------------+
; Partition Name ; Elapsed Time ;
+----------------+--------------+
; Top            ; 00:00:00     ;
+----------------+--------------+


+-------------------------------+
; Analysis & Synthesis Messages ;
+-------------------------------+
Info: *******************************************************************
Info: Running Quartus Prime Analysis & Synthesis
    Info: Version 20.1.1 Build 720 11/11/2020 SJ Lite Edition
    Info: Processing started: Sun Oct 01 19:17:22 2023
Info: Command: quartus_map --read_settings_files=on --write_settings_files=off t1a_fs_pwm -c t1a_fs_pwm
Warning (18236): Number of processors has not been specified which may cause overloading on shared machines.  Set the global assignment NUM_PARALLEL_PROCESSORS in your QSF to an appropriate value for best performance.
Info (20030): Parallel compilation is enabled and will use 4 of the 4 processors detected
Info (12021): Found 1 design units, including 1 entities, in source file t1a_fs_pwm_bdf.v
    Info (12023): Found entity 1: t1a_fs_pwm_bdf File: C:/Users/amuly/Eyantra/task1a/t1a_fs_pwm/t1a_fs_pwm_bdf.v Line: 20
Info (12021): Found 1 design units, including 1 entities, in source file t1a_fs_pwm.bdf
    Info (12023): Found entity 1: t1a_fs_pwm
Info (12021): Found 1 design units, including 1 entities, in source file pwm_generator.v
    Info (12023): Found entity 1: pwm_generator File: C:/Users/amuly/Eyantra/task1a/t1a_fs_pwm/pwm_generator.v Line: 20
Info (12021): Found 1 design units, including 1 entities, in source file frequency_scaling.v
    Info (12023): Found entity 1: frequency_scaling File: C:/Users/amuly/Eyantra/task1a/t1a_fs_pwm/frequency_scaling.v Line: 20
Info (12127): Elaborating entity "t1a_fs_pwm_bdf" for the top level hierarchy
Info (12128): Elaborating entity "frequency_scaling" for hierarchy "frequency_scaling:b2v_inst" File: C:/Users/amuly/Eyantra/task1a/t1a_fs_pwm/t1a_fs_pwm_bdf.v Line: 44
Warning (10230): Verilog HDL assignment warning at frequency_scaling.v(34): truncated value with size 3 to match size of target (1) File: C:/Users/amuly/Eyantra/task1a/t1a_fs_pwm/frequency_scaling.v Line: 34
Warning (10230): Verilog HDL assignment warning at frequency_scaling.v(39): truncated value with size 3 to match size of target (1) File: C:/Users/amuly/Eyantra/task1a/t1a_fs_pwm/frequency_scaling.v Line: 39
Info (12128): Elaborating entity "pwm_generator" for hierarchy "pwm_generator:b2v_inst1" File: C:/Users/amuly/Eyantra/task1a/t1a_fs_pwm/t1a_fs_pwm_bdf.v Line: 51
Warning (10230): Verilog HDL assignment warning at pwm_generator.v(36): truncated value with size 3 to match size of target (1) File: C:/Users/amuly/Eyantra/task1a/t1a_fs_pwm/pwm_generator.v Line: 36
Warning (10230): Verilog HDL assignment warning at pwm_generator.v(37): truncated value with size 4 to match size of target (1) File: C:/Users/amuly/Eyantra/task1a/t1a_fs_pwm/pwm_generator.v Line: 37
Warning (10230): Verilog HDL assignment warning at pwm_generator.v(49): truncated value with size 3 to match size of target (1) File: C:/Users/amuly/Eyantra/task1a/t1a_fs_pwm/pwm_generator.v Line: 49
Warning (10230): Verilog HDL assignment warning at pwm_generator.v(50): truncated value with size 4 to match size of target (1) File: C:/Users/amuly/Eyantra/task1a/t1a_fs_pwm/pwm_generator.v Line: 50
Warning (13024): Output pins are stuck at VCC or GND
    Warning (13410): Pin "pwm_signal" is stuck at VCC File: C:/Users/amuly/Eyantra/task1a/t1a_fs_pwm/t1a_fs_pwm_bdf.v Line: 31
    Warning (13410): Pin "clk_195KHz" is stuck at GND File: C:/Users/amuly/Eyantra/task1a/t1a_fs_pwm/t1a_fs_pwm_bdf.v Line: 32
    Warning (13410): Pin "clk_3125KHz" is stuck at GND File: C:/Users/amuly/Eyantra/task1a/t1a_fs_pwm/t1a_fs_pwm_bdf.v Line: 33
Info (144001): Generated suppressed messages file C:/Users/amuly/Eyantra/task1a/t1a_fs_pwm/output_files/t1a_fs_pwm.map.smsg
Info (16010): Generating hard_block partition "hard_block:auto_generated_inst"
    Info (16011): Adding 0 node(s), including 0 DDIO, 0 PLL, 0 transceiver and 0 LCELL
Warning (21074): Design contains 5 input pin(s) that do not drive logic
    Warning (15610): No output dependent on input pin "clk_50M" File: C:/Users/amuly/Eyantra/task1a/t1a_fs_pwm/t1a_fs_pwm_bdf.v Line: 29
    Warning (15610): No output dependent on input pin "duty_cycle[0]" File: C:/Users/amuly/Eyantra/task1a/t1a_fs_pwm/t1a_fs_pwm_bdf.v Line: 30
    Warning (15610): No output dependent on input pin "duty_cycle[1]" File: C:/Users/amuly/Eyantra/task1a/t1a_fs_pwm/t1a_fs_pwm_bdf.v Line: 30
    Warning (15610): No output dependent on input pin "duty_cycle[2]" File: C:/Users/amuly/Eyantra/task1a/t1a_fs_pwm/t1a_fs_pwm_bdf.v Line: 30
    Warning (15610): No output dependent on input pin "duty_cycle[3]" File: C:/Users/amuly/Eyantra/task1a/t1a_fs_pwm/t1a_fs_pwm_bdf.v Line: 30
Info (21057): Implemented 8 device resources after synthesis - the final resource count might be different
    Info (21058): Implemented 5 input pins
    Info (21059): Implemented 3 output pins
Info: Quartus Prime Analysis & Synthesis was successful. 0 errors, 17 warnings
    Info: Peak virtual memory: 4739 megabytes
    Info: Processing ended: Sun Oct 01 19:17:33 2023
    Info: Elapsed time: 00:00:11
    Info: Total CPU time (on all processors): 00:00:16


+------------------------------------------+
; Analysis & Synthesis Suppressed Messages ;
+------------------------------------------+
The suppressed messages can be found in C:/Users/amuly/Eyantra/task1a/t1a_fs_pwm/output_files/t1a_fs_pwm.map.smsg.


